=====================
Read duration: 7196112 microseconds
=====================
LOW,HIGH
0,255
0,255
0,255
0,255
0,255
0,255
0,255
0,255
0,255
0,255
0,255
0,255
0,255
0,255
0,255
0,255
0,255
0,255
0,255
0,255
0,255
0,255
0,255
0,255
0,255
0,255
0,255
0,255
0,255
0,255
0,255
0,255
0,255
0,255
0,255
0,255
0,255
0,255
0,255
0,255
0,255
0,255
0,255
0,255
0,255
0,255
0,255
0,255
0,255
0,255
0,255
0,255
0,255
0,255
0,255
0,255
0,255
0,255
0,255
0,255
0,255
0,255
0,255
0,255
0,255
0,255
0,255
0,255
0,255
0,255
0,255
0,255
0,255
0,255
0,255
0,255
0,255
0,255
0,255
0,255
